0 info it worked if it ends with ok
1 verbose cli [ '/usr/local/Cellar/node/6.3.1/bin/node',
1 verbose cli   '/usr/local/bin/npm',
1 verbose cli   'run',
1 verbose cli   'deploy' ]
2 info using npm@2.10.1
3 info using node@v6.3.1
4 verbose run-script [ 'predeploy', 'deploy', 'postdeploy' ]
5 info predeploy webpack-demo@1.0.0
6 info deploy webpack-demo@1.0.0
7 verbose unsafe-perm in lifecycle true
8 info webpack-demo@1.0.0 Failed to exec deploy script
9 verbose stack Error: webpack-demo@1.0.0 deploy: `gh-pages -d build2`
9 verbose stack Exit status 1
9 verbose stack     at EventEmitter.<anonymous> (/usr/local/lib/node_modules/npm/lib/utils/lifecycle.js:213:16)
9 verbose stack     at emitTwo (events.js:106:13)
9 verbose stack     at EventEmitter.emit (events.js:191:7)
9 verbose stack     at ChildProcess.<anonymous> (/usr/local/lib/node_modules/npm/lib/utils/spawn.js:24:14)
9 verbose stack     at emitTwo (events.js:106:13)
9 verbose stack     at ChildProcess.emit (events.js:191:7)
9 verbose stack     at maybeClose (internal/child_process.js:852:16)
9 verbose stack     at Process.ChildProcess._handle.onexit (internal/child_process.js:215:5)
10 verbose pkgid webpack-demo@1.0.0
11 verbose cwd /Workspace/webpack-demo/build2
12 error Darwin 15.6.0
13 error argv "/usr/local/Cellar/node/6.3.1/bin/node" "/usr/local/bin/npm" "run" "deploy"
14 error node v6.3.1
15 error npm  v2.10.1
16 error code ELIFECYCLE
17 error webpack-demo@1.0.0 deploy: `gh-pages -d build2`
17 error Exit status 1
18 error Failed at the webpack-demo@1.0.0 deploy script 'gh-pages -d build2'.
18 error This is most likely a problem with the webpack-demo package,
18 error not with npm itself.
18 error Tell the author that this fails on your system:
18 error     gh-pages -d build2
18 error You can get their info via:
18 error     npm owner ls webpack-demo
18 error There is likely additional logging output above.
19 verbose exit [ 1, true ]
